[debug] [2023-02-02T00:45:44.157Z] ----------------------------------------------------------------------
[debug] [2023-02-02T00:45:44.160Z] Command:       /usr/local/nvm/versions/node/v18.12.1/bin/node /usr/local/nvm/versions/node/v18.12.1/bin/firebase init
[debug] [2023-02-02T00:45:44.160Z] CLI Version:   11.20.0
[debug] [2023-02-02T00:45:44.161Z] Platform:      linux
[debug] [2023-02-02T00:45:44.161Z] Node Version:  v18.12.1
[debug] [2023-02-02T00:45:44.161Z] Time:          Thu Feb 02 2023 00:45:44 GMT+0000 (Coordinated Universal Time)
[debug] [2023-02-02T00:45:44.161Z] ----------------------------------------------------------------------
[debug] 
[debug] [2023-02-02T00:45:44.257Z] > command requires scopes: ["email","openid","https://www.googleapis.com/auth/cloudplatformprojects.readonly","https://www.googleapis.com/auth/firebase","https://www.googleapis.com/auth/cloud-platform"]
[debug] [2023-02-02T00:45:44.258Z] > authorizing via signed-in user (trrd4480@gmail.com)
[info] 
     ######## #### ########  ######## ########     ###     ######  ########
     ##        ##  ##     ## ##       ##     ##  ##   ##  ##       ##
     ######    ##  ########  ######   ########  #########  ######  ######
     ##        ##  ##    ##  ##       ##     ## ##     ##       ## ##
     ##       #### ##     ## ######## ########  ##     ##  ######  ########

You're about to initialize a Firebase project in this directory:

  /home/trrd4480/dev/tchat

Before we get started, keep in mind:

  * You are initializing within an existing Firebase project directory

[info] 
=== Project Setup
